<?xml version="1.0"?><coverage lines-covered="150" lines-valid="298" line-rate="0.5033557046979866" branches-covered="0" branches-valid="0" branch-rate="0" complexity="0" version="1.9" timestamp="1779394547"><sources><source>/tmp/workspace/BigDadBear/rust-tooling-testbed</source></sources><packages><package name="src" line-rate="0.5033557046979866" branch-rate="0" complexity="0"><classes><class name="filters" filename="src/filters.rs" line-rate="0" branch-rate="0" complexity="0"><methods/><lines><line number="12" hits="0"/><line number="22" hits="0"/><line number="23" hits="0"/><line number="24" hits="0"/><line number="27" hits="0"/><line number="28" hits="0"/><line number="29" hits="0"/><line number="32" hits="0"/><line number="33" hits="0"/><line number="34" hits="0"/><line number="37" hits="0"/><line number="38" hits="0"/><line number="39" hits="0"/><line number="42" hits="0"/><line number="43" hits="0"/><line number="44" hits="0"/><line number="47" hits="0"/><line number="48" hits="0"/><line number="50" hits="0"/><line number="51" hits="0"/><line number="54" hits="0"/><line number="55" hits="0"/><line number="58" hits="0"/><line number="59" hits="0"/><line number="62" hits="0"/><line number="63" hits="0"/><line number="66" hits="0"/><line number="67" hits="0"/><line number="70" hits="0"/><line number="73" hits="0"/><line number="74" hits="0"/><line number="78" hits="0"/><line number="81" hits="0"/><line number="84" hits="0"/><line number="85" hits="0"/><line number="86" hits="0"/><line number="87" hits="0"/><line number="89" hits="0"/><line number="95" hits="0"/><line number="96" hits="0"/><line number="97" hits="0"/><line number="99" hits="0"/><line number="100" hits="0"/><line number="101" hits="0"/><line number="102" hits="0"/><line number="103" hits="0"/><line number="108" hits="0"/><line number="112" hits="0"/><line number="113" hits="0"/><line number="114" hits="0"/><line number="119" hits="0"/><line number="120" hits="0"/><line number="121" hits="0"/><line number="122" hits="0"/><line number="123" hits="0"/><line number="125" hits="0"/></lines></class><class name="main" filename="src/main.rs" line-rate="0" branch-rate="0" complexity="0"><methods/><lines><line number="9" hits="0"/><line number="10" hits="0"/><line number="12" hits="0"/><line number="13" hits="0"/><line number="14" hits="0"/><line number="15" hits="0"/><line number="17" hits="0"/><line number="18" hits="0"/><line number="19" hits="0"/><line number="25" hits="0"/><line number="26" hits="0"/><line number="28" hits="0"/><line number="29" hits="0"/><line number="32" hits="0"/><line number="33" hits="0"/></lines></class><class name="stats" filename="src/stats.rs" line-rate="0.9591836734693877" branch-rate="0" complexity="0"><methods/><lines><line number="21" hits="1"/><line number="22" hits="1"/><line number="23" hits="1"/><line number="24" hits="1"/><line number="25" hits="0"/><line number="26" hits="0"/><line number="28" hits="2"/><line number="29" hits="1"/><line number="30" hits="1"/><line number="32" hits="2"/><line number="34" hits="0"/><line number="37" hits="1"/><line number="40" hits="1"/><line number="41" hits="1"/><line number="42" hits="1"/><line number="44" hits="2"/><line number="46" hits="2"/><line number="47" hits="2"/><line number="48" hits="2"/><line number="49" hits="2"/><line number="55" hits="3"/><line number="56" hits="3"/><line number="57" hits="3"/><line number="58" hits="3"/><line number="59" hits="3"/><line number="60" hits="3"/><line number="61" hits="3"/><line number="62" hits="3"/><line number="63" hits="3"/><line number="65" hits="6"/><line number="66" hits="3"/><line number="67" hits="2"/><line number="69" hits="2"/><line number="71" hits="3"/><line number="73" hits="1"/><line number="74" hits="3"/><line number="75" hits="4"/><line number="76" hits="4"/><line number="77" hits="4"/><line number="81" hits="3"/><line number="82" hits="1"/><line number="84" hits="1"/><line number="87" hits="2"/><line number="88" hits="1"/><line number="90" hits="1"/><line number="99" hits="1"/><line number="109" hits="1"/><line number="110" hits="2"/><line number="111" hits="2"/><line number="113" hits="2"/><line number="114" hits="2"/><line number="115" hits="2"/><line number="116" hits="2"/><line number="117" hits="2"/><line number="118" hits="2"/><line number="120" hits="2"/><line number="121" hits="2"/><line number="122" hits="2"/><line number="123" hits="2"/><line number="124" hits="2"/><line number="125" hits="2"/><line number="128" hits="2"/><line number="129" hits="4"/><line number="131" hits="2"/><line number="132" hits="1"/><line number="133" hits="2"/><line number="134" hits="2"/><line number="138" hits="1"/><line number="142" hits="1"/><line number="143" hits="1"/><line number="144" hits="1"/><line number="146" hits="1"/><line number="147" hits="3"/><line number="148" hits="1"/><line number="150" hits="1"/><line number="154" hits="1"/><line number="155" hits="1"/><line number="156" hits="2"/><line number="157" hits="2"/><line number="158" hits="1"/><line number="161" hits="1"/><line number="165" hits="2"/><line number="166" hits="2"/><line number="168" hits="4"/><line number="169" hits="4"/><line number="170" hits="1"/><line number="171" hits="1"/><line number="172" hits="2"/><line number="173" hits="1"/><line number="174" hits="1"/><line number="178" hits="1"/><line number="179" hits="1"/><line number="185" hits="1"/><line number="186" hits="1"/><line number="187" hits="2"/><line number="188" hits="1"/><line number="189" hits="0"/><line number="194" hits="1"/></lines></class><class name="store" filename="src/store.rs" line-rate="0.4027777777777778" branch-rate="0" complexity="0"><methods/><lines><line number="10" hits="1"/><line number="12" hits="1"/><line number="17" hits="1"/><line number="18" hits="1"/><line number="21" hits="0"/><line number="25" hits="1"/><line number="26" hits="2"/><line number="27" hits="1"/><line number="28" hits="1"/><line number="31" hits="1"/><line number="34" hits="0"/><line number="35" hits="0"/><line number="36" hits="0"/><line number="37" hits="0"/><line number="40" hits="0"/><line number="43" hits="0"/><line number="45" hits="0"/><line number="46" hits="0"/><line number="49" hits="1"/><line number="50" hits="1"/><line number="51" hits="3"/><line number="52" hits="1"/><line number="55" hits="1"/><line number="56" hits="1"/><line number="57" hits="2"/><line number="58" hits="2"/><line number="59" hits="1"/><line number="62" hits="1"/><line number="65" hits="0"/><line number="66" hits="0"/><line number="69" hits="0"/><line number="70" hits="0"/><line number="71" hits="0"/><line number="72" hits="0"/><line number="73" hits="0"/><line number="76" hits="0"/><line number="79" hits="0"/><line number="80" hits="0"/><line number="81" hits="0"/><line number="82" hits="0"/><line number="85" hits="1"/><line number="86" hits="1"/><line number="87" hits="1"/><line number="88" hits="2"/><line number="89" hits="2"/><line number="90" hits="1"/><line number="91" hits="2"/><line number="94" hits="1"/><line number="97" hits="1"/><line number="98" hits="1"/><line number="101" hits="0"/><line number="102" hits="0"/><line number="103" hits="0"/><line number="104" hits="0"/><line number="105" hits="0"/><line number="106" hits="0"/><line number="108" hits="0"/><line number="110" hits="0"/><line number="114" hits="0"/><line number="115" hits="0"/><line number="116" hits="0"/><line number="117" hits="0"/><line number="118" hits="0"/><line number="119" hits="0"/><line number="125" hits="0"/><line number="126" hits="0"/><line number="127" hits="0"/><line number="128" hits="0"/><line number="129" hits="0"/><line number="130" hits="0"/><line number="131" hits="0"/><line number="135" hits="0"/></lines></class><class name="task" filename="src/task.rs" line-rate="0.47368421052631576" branch-rate="0" complexity="0"><methods/><lines><line number="13" hits="1"/><line number="14" hits="1"/><line number="15" hits="1"/><line number="16" hits="0"/><line number="17" hits="1"/><line number="18" hits="1"/><line number="22" hits="1"/><line number="24" hits="2"/><line number="25" hits="2"/><line number="26" hits="2"/><line number="27" hits="2"/><line number="28" hits="0"/><line number="29" hits="0"/><line number="47" hits="3"/><line number="49" hits="3"/><line number="50" hits="6"/><line number="55" hits="3"/><line number="56" hits="4"/><line number="59" hits="4"/><line number="63" hits="0"/><line number="64" hits="0"/><line number="65" hits="0"/><line number="68" hits="1"/><line number="70" hits="1"/><line number="73" hits="0"/><line number="74" hits="0"/><line number="75" hits="0"/><line number="76" hits="0"/><line number="77" hits="0"/><line number="79" hits="0"/><line number="84" hits="1"/><line number="85" hits="2"/><line number="86" hits="1"/><line number="87" hits="1"/><line number="90" hits="0"/><line number="93" hits="0"/><line number="94" hits="0"/><line number="98" hits="1"/><line number="99" hits="1"/><line number="100" hits="1"/><line number="101" hits="1"/><line number="102" hits="1"/><line number="105" hits="0"/><line number="106" hits="0"/><line number="107" hits="0"/><line number="108" hits="0"/><line number="109" hits="0"/><line number="110" hits="0"/><line number="112" hits="0"/><line number="115" hits="0"/><line number="116" hits="0"/><line number="117" hits="0"/><line number="118" hits="0"/><line number="120" hits="0"/><line number="122" hits="0"/><line number="123" hits="0"/><line number="125" hits="0"/></lines></class></classes></package></packages></coverage>